mode: set
github.com/Grumme2/D7024E/internal/d7024e/kademliaid.go:15.45,19.32 3 1
github.com/Grumme2/D7024E/internal/d7024e/kademliaid.go:23.2,23.23 1 1
github.com/Grumme2/D7024E/internal/d7024e/kademliaid.go:19.32,21.3 1 1
github.com/Grumme2/D7024E/internal/d7024e/kademliaid.go:28.40,30.32 2 1
github.com/Grumme2/D7024E/internal/d7024e/kademliaid.go:33.2,33.23 1 1
github.com/Grumme2/D7024E/internal/d7024e/kademliaid.go:30.32,32.3 1 1
github.com/Grumme2/D7024E/internal/d7024e/kademliaid.go:37.69,38.32 1 1
github.com/Grumme2/D7024E/internal/d7024e/kademliaid.go:43.2,43.14 1 0
github.com/Grumme2/D7024E/internal/d7024e/kademliaid.go:38.32,39.42 1 1
github.com/Grumme2/D7024E/internal/d7024e/kademliaid.go:39.42,41.4 1 1
github.com/Grumme2/D7024E/internal/d7024e/kademliaid.go:47.71,48.32 1 1
github.com/Grumme2/D7024E/internal/d7024e/kademliaid.go:53.2,53.13 1 1
github.com/Grumme2/D7024E/internal/d7024e/kademliaid.go:48.32,49.42 1 1
github.com/Grumme2/D7024E/internal/d7024e/kademliaid.go:49.42,51.4 1 1
github.com/Grumme2/D7024E/internal/d7024e/kademliaid.go:58.75,60.32 2 1
github.com/Grumme2/D7024E/internal/d7024e/kademliaid.go:63.2,63.16 1 1
github.com/Grumme2/D7024E/internal/d7024e/kademliaid.go:60.32,62.3 1 1
github.com/Grumme2/D7024E/internal/d7024e/kademliaid.go:67.47,69.2 1 1
github.com/Grumme2/D7024E/internal/d7024e/cli.go:15.20,18.2 2 0
github.com/Grumme2/D7024E/internal/d7024e/cli.go:20.31,29.40 7 0
github.com/Grumme2/D7024E/internal/d7024e/cli.go:73.2,75.20 2 0
github.com/Grumme2/D7024E/internal/d7024e/cli.go:30.15,33.10 2 0
github.com/Grumme2/D7024E/internal/d7024e/cli.go:34.16,35.29 1 0
github.com/Grumme2/D7024E/internal/d7024e/cli.go:40.14,41.30 1 0
github.com/Grumme2/D7024E/internal/d7024e/cli.go:51.14,52.30 1 0
github.com/Grumme2/D7024E/internal/d7024e/cli.go:61.13,62.38 1 0
github.com/Grumme2/D7024E/internal/d7024e/cli.go:63.15,68.76 5 0
github.com/Grumme2/D7024E/internal/d7024e/cli.go:69.11,70.76 1 0
github.com/Grumme2/D7024E/internal/d7024e/cli.go:35.29,37.5 1 0
github.com/Grumme2/D7024E/internal/d7024e/cli.go:37.10,39.5 1 0
github.com/Grumme2/D7024E/internal/d7024e/cli.go:41.30,48.5 3 0
github.com/Grumme2/D7024E/internal/d7024e/cli.go:48.10,50.5 1 0
github.com/Grumme2/D7024E/internal/d7024e/cli.go:52.30,58.5 3 0
github.com/Grumme2/D7024E/internal/d7024e/cli.go:58.10,60.5 1 0
github.com/Grumme2/D7024E/internal/d7024e/contact.go:18.57,20.2 1 1
github.com/Grumme2/D7024E/internal/d7024e/contact.go:24.58,26.2 1 1
github.com/Grumme2/D7024E/internal/d7024e/contact.go:29.58,31.2 1 1
github.com/Grumme2/D7024E/internal/d7024e/contact.go:34.41,36.2 1 1
github.com/Grumme2/D7024E/internal/d7024e/contact.go:45.65,47.2 1 1
github.com/Grumme2/D7024E/internal/d7024e/contact.go:50.71,52.2 1 1
github.com/Grumme2/D7024E/internal/d7024e/contact.go:55.61,57.2 1 0
github.com/Grumme2/D7024E/internal/d7024e/contact.go:60.45,62.2 1 1
github.com/Grumme2/D7024E/internal/d7024e/contact.go:65.48,67.2 1 1
github.com/Grumme2/D7024E/internal/d7024e/contact.go:71.53,73.2 1 1
github.com/Grumme2/D7024E/internal/d7024e/contact.go:77.58,79.2 1 1
github.com/Grumme2/D7024E/internal/d7024e/network.go:23.43,25.2 1 0
github.com/Grumme2/D7024E/internal/d7024e/network.go:27.45,30.16 2 0
github.com/Grumme2/D7024E/internal/d7024e/network.go:34.2,34.32 1 0
github.com/Grumme2/D7024E/internal/d7024e/network.go:42.2,42.11 1 0
github.com/Grumme2/D7024E/internal/d7024e/network.go:30.16,32.3 1 0
github.com/Grumme2/D7024E/internal/d7024e/network.go:34.32,36.70 1 0
github.com/Grumme2/D7024E/internal/d7024e/network.go:36.70,37.29 1 0
github.com/Grumme2/D7024E/internal/d7024e/network.go:37.29,39.5 1 0
github.com/Grumme2/D7024E/internal/d7024e/network.go:47.54,50.72 2 0
github.com/Grumme2/D7024E/internal/d7024e/network.go:65.2,66.38 2 0
github.com/Grumme2/D7024E/internal/d7024e/network.go:50.72,57.43 7 0
github.com/Grumme2/D7024E/internal/d7024e/network.go:57.43,61.4 3 0
github.com/Grumme2/D7024E/internal/d7024e/network.go:69.60,73.2 3 0
github.com/Grumme2/D7024E/internal/d7024e/network.go:75.34,79.16 3 0
github.com/Grumme2/D7024E/internal/d7024e/network.go:84.2,85.16 2 0
github.com/Grumme2/D7024E/internal/d7024e/network.go:90.2,93.6 3 0
github.com/Grumme2/D7024E/internal/d7024e/network.go:79.16,82.3 2 0
github.com/Grumme2/D7024E/internal/d7024e/network.go:85.16,88.3 2 0
github.com/Grumme2/D7024E/internal/d7024e/network.go:93.6,101.135 5 0
github.com/Grumme2/D7024E/internal/d7024e/network.go:119.3,119.84 1 0
github.com/Grumme2/D7024E/internal/d7024e/network.go:101.135,103.4 1 0
github.com/Grumme2/D7024E/internal/d7024e/network.go:103.9,103.72 1 0
github.com/Grumme2/D7024E/internal/d7024e/network.go:103.72,115.4 7 0
github.com/Grumme2/D7024E/internal/d7024e/network.go:115.9,117.4 1 0
github.com/Grumme2/D7024E/internal/d7024e/network.go:119.84,123.35 3 0
github.com/Grumme2/D7024E/internal/d7024e/network.go:147.4,154.18 6 0
github.com/Grumme2/D7024E/internal/d7024e/network.go:124.17,125.27 1 0
github.com/Grumme2/D7024E/internal/d7024e/network.go:126.17,127.25 1 0
github.com/Grumme2/D7024E/internal/d7024e/network.go:128.15,129.27 1 0
github.com/Grumme2/D7024E/internal/d7024e/network.go:130.18,133.27 3 0
github.com/Grumme2/D7024E/internal/d7024e/network.go:134.22,136.20 2 0
github.com/Grumme2/D7024E/internal/d7024e/network.go:136.20,141.7 4 0
github.com/Grumme2/D7024E/internal/d7024e/network.go:141.11,144.7 2 0
github.com/Grumme2/D7024E/internal/d7024e/network.go:154.18,157.5 2 0
github.com/Grumme2/D7024E/internal/d7024e/network.go:158.9,160.4 1 0
github.com/Grumme2/D7024E/internal/d7024e/network.go:164.55,169.16 4 0
github.com/Grumme2/D7024E/internal/d7024e/network.go:174.2,176.6 2 0
github.com/Grumme2/D7024E/internal/d7024e/network.go:169.16,172.3 2 0
github.com/Grumme2/D7024E/internal/d7024e/network.go:176.6,180.17 3 0
github.com/Grumme2/D7024E/internal/d7024e/network.go:185.3,187.17 3 0
github.com/Grumme2/D7024E/internal/d7024e/network.go:192.3,193.14 2 0
github.com/Grumme2/D7024E/internal/d7024e/network.go:180.17,183.4 2 0
github.com/Grumme2/D7024E/internal/d7024e/network.go:187.17,190.4 2 0
github.com/Grumme2/D7024E/internal/d7024e/network.go:197.59,201.2 3 0
github.com/Grumme2/D7024E/internal/d7024e/network.go:203.57,204.66 1 0
github.com/Grumme2/D7024E/internal/d7024e/network.go:209.2,209.11 1 0
github.com/Grumme2/D7024E/internal/d7024e/network.go:204.66,205.18 1 0
github.com/Grumme2/D7024E/internal/d7024e/network.go:205.18,207.4 1 0
github.com/Grumme2/D7024E/internal/d7024e/network.go:212.39,215.2 2 0
github.com/Grumme2/D7024E/internal/d7024e/network.go:217.48,221.2 3 0
github.com/Grumme2/D7024E/internal/d7024e/network.go:223.66,225.16 2 0
github.com/Grumme2/D7024E/internal/d7024e/network.go:229.2,230.20 2 0
github.com/Grumme2/D7024E/internal/d7024e/network.go:225.16,228.3 2 0
github.com/Grumme2/D7024E/internal/d7024e/network.go:233.76,236.2 2 0
github.com/Grumme2/D7024E/internal/d7024e/network.go:238.59,240.2 0 0
github.com/Grumme2/D7024E/internal/d7024e/network.go:242.56,244.2 0 0
github.com/Grumme2/D7024E/internal/d7024e/routingtable.go:13.48,15.34 2 1
github.com/Grumme2/D7024E/internal/d7024e/routingtable.go:18.2,19.21 2 1
github.com/Grumme2/D7024E/internal/d7024e/routingtable.go:15.34,17.3 1 1
github.com/Grumme2/D7024E/internal/d7024e/routingtable.go:23.63,27.2 3 1
github.com/Grumme2/D7024E/internal/d7024e/routingtable.go:29.66,33.2 3 1
github.com/Grumme2/D7024E/internal/d7024e/routingtable.go:36.96,43.98 5 1
github.com/Grumme2/D7024E/internal/d7024e/routingtable.go:54.2,56.30 2 1
github.com/Grumme2/D7024E/internal/d7024e/routingtable.go:60.2,60.38 1 1
github.com/Grumme2/D7024E/internal/d7024e/routingtable.go:43.98,44.25 1 1
github.com/Grumme2/D7024E/internal/d7024e/routingtable.go:48.3,48.33 1 1
github.com/Grumme2/D7024E/internal/d7024e/routingtable.go:44.25,47.4 2 0
github.com/Grumme2/D7024E/internal/d7024e/routingtable.go:48.33,51.4 2 1
github.com/Grumme2/D7024E/internal/d7024e/routingtable.go:56.30,58.3 1 1
github.com/Grumme2/D7024E/internal/d7024e/routingtable.go:64.70,66.32 2 1
github.com/Grumme2/D7024E/internal/d7024e/routingtable.go:74.2,74.23 1 1
github.com/Grumme2/D7024E/internal/d7024e/routingtable.go:66.32,67.26 1 1
github.com/Grumme2/D7024E/internal/d7024e/routingtable.go:67.26,68.42 1 1
github.com/Grumme2/D7024E/internal/d7024e/routingtable.go:68.42,70.5 1 1
github.com/Grumme2/D7024E/internal/d7024e/routingtable.go:77.69,80.39 3 0
github.com/Grumme2/D7024E/internal/d7024e/routingtable.go:80.39,82.3 1 0
github.com/Grumme2/D7024E/internal/d7024e/routingtable.go:82.8,84.3 1 0
github.com/Grumme2/D7024E/internal/d7024e/rpc.go:15.91,17.2 1 1
github.com/Grumme2/D7024E/internal/d7024e/rpc.go:19.37,22.16 3 1
github.com/Grumme2/D7024E/internal/d7024e/rpc.go:25.2,25.17 1 1
github.com/Grumme2/D7024E/internal/d7024e/rpc.go:22.16,24.3 1 0
github.com/Grumme2/D7024E/internal/d7024e/rpc.go:28.37,31.16 3 1
github.com/Grumme2/D7024E/internal/d7024e/rpc.go:34.2,34.17 1 1
github.com/Grumme2/D7024E/internal/d7024e/rpc.go:31.16,33.3 1 0
github.com/Grumme2/D7024E/internal/d7024e/bucket.go:15.26,19.2 3 1
github.com/Grumme2/D7024E/internal/d7024e/bucket.go:23.51,25.55 2 1
github.com/Grumme2/D7024E/internal/d7024e/bucket.go:33.2,33.20 1 1
github.com/Grumme2/D7024E/internal/d7024e/bucket.go:25.55,28.34 2 1
github.com/Grumme2/D7024E/internal/d7024e/bucket.go:28.34,30.4 1 0
github.com/Grumme2/D7024E/internal/d7024e/bucket.go:33.20,34.37 1 1
github.com/Grumme2/D7024E/internal/d7024e/bucket.go:34.37,36.4 1 1
github.com/Grumme2/D7024E/internal/d7024e/bucket.go:37.8,39.3 1 0
github.com/Grumme2/D7024E/internal/d7024e/bucket.go:44.79,47.63 2 1
github.com/Grumme2/D7024E/internal/d7024e/bucket.go:53.2,53.17 1 1
github.com/Grumme2/D7024E/internal/d7024e/bucket.go:47.63,51.3 3 1
github.com/Grumme2/D7024E/internal/d7024e/bucket.go:56.54,58.55 2 1
github.com/Grumme2/D7024E/internal/d7024e/bucket.go:66.2,66.20 1 1
github.com/Grumme2/D7024E/internal/d7024e/bucket.go:58.55,61.34 2 1
github.com/Grumme2/D7024E/internal/d7024e/bucket.go:61.34,63.4 1 1
github.com/Grumme2/D7024E/internal/d7024e/bucket.go:66.20,68.3 1 1
github.com/Grumme2/D7024E/internal/d7024e/bucket.go:72.33,74.2 1 1
github.com/Grumme2/D7024E/internal/d7024e/bucket.go:76.63,78.55 2 1
github.com/Grumme2/D7024E/internal/d7024e/bucket.go:86.2,86.20 1 1
github.com/Grumme2/D7024E/internal/d7024e/bucket.go:78.55,81.34 2 1
github.com/Grumme2/D7024E/internal/d7024e/bucket.go:81.34,83.4 1 1
github.com/Grumme2/D7024E/internal/d7024e/bucket.go:86.20,88.3 1 1
github.com/Grumme2/D7024E/internal/d7024e/bucket.go:88.8,90.3 1 1
github.com/Grumme2/D7024E/internal/d7024e/kademlia.go:9.68,14.111 5 0
github.com/Grumme2/D7024E/internal/d7024e/kademlia.go:28.2,28.27 1 0
github.com/Grumme2/D7024E/internal/d7024e/kademlia.go:14.111,16.26 2 0
github.com/Grumme2/D7024E/internal/d7024e/kademlia.go:26.3,26.36 1 0
github.com/Grumme2/D7024E/internal/d7024e/kademlia.go:16.26,18.42 2 0
github.com/Grumme2/D7024E/internal/d7024e/kademlia.go:18.42,23.5 4 0
github.com/Grumme2/D7024E/internal/d7024e/kademlia.go:32.41,33.25 1 0
github.com/Grumme2/D7024E/internal/d7024e/kademlia.go:38.2,38.14 1 0
github.com/Grumme2/D7024E/internal/d7024e/kademlia.go:33.25,34.19 1 0
github.com/Grumme2/D7024E/internal/d7024e/kademlia.go:34.19,36.4 1 0
github.com/Grumme2/D7024E/internal/d7024e/kademlia.go:85.46,87.36 2 0
github.com/Grumme2/D7024E/internal/d7024e/kademlia.go:87.36,90.3 2 0
